<?xml version="1.0" encoding="UTF-8"?>
<testsuite name="de.htwberlin.GradesOverviewTest" tests="15" skipped="0" failures="1" errors="0" timestamp="2021-05-06T00:25:35" hostname="DESKTOP-7C5OHO2" time="0.131">
  <properties/>
  <testcase name="should create a full overview of all entered grades" classname="de.htwberlin.GradesOverviewTest" time="0.032"/>
  <testcase name="should be saved according to the input sequence" classname="de.htwberlin.GradesOverviewTest" time="0.003"/>
  <testcase name="size of grades should be 10 after initialization" classname="de.htwberlin.GradesOverviewTest" time="0.0"/>
  <testcase name="The average should be 1" classname="de.htwberlin.GradesOverviewTest" time="0.022"/>
  <testcase name="The average should be 2" classname="de.htwberlin.GradesOverviewTest" time="0.002"/>
  <testcase name="The average should be 0" classname="de.htwberlin.GradesOverviewTest" time="0.001"/>
  <testcase name="The average should be 3" classname="de.htwberlin.GradesOverviewTest" time="0.004"/>
  <testcase name="The average should be 2.6" classname="de.htwberlin.GradesOverviewTest" time="0.003"/>
  <testcase name="The average should be 2.57" classname="de.htwberlin.GradesOverviewTest" time="0.003"/>
  <testcase name="should be possible to add more than 10 grades" classname="de.htwberlin.GradesOverviewTest" time="0.013">
    <failure message="org.opentest4j.AssertionFailedError: expected: &lt;25&gt; but was: &lt;10&gt;" type="org.opentest4j.AssertionFailedError">org.opentest4j.AssertionFailedError: expected: &lt;25&gt; but was: &lt;10&gt;
	at org.junit.jupiter.api.AssertionUtils.fail(AssertionUtils.java:55)
	at org.junit.jupiter.api.AssertionUtils.failNotEqual(AssertionUtils.java:62)
	at org.junit.jupiter.api.AssertEquals.assertEquals(AssertEquals.java:150)
	at org.junit.jupiter.api.AssertEquals.assertEquals(AssertEquals.java:145)
	at org.junit.jupiter.api.Assertions.assertEquals(Assertions.java:510)
	at de.htwberlin.GradesOverviewTest.testMoreThan10Grades(GradesOverviewTest.java:58)
	at java.base/jdk.internal.reflect.NativeMethodAccessorImpl.invoke0(Native Method)
	at java.base/jdk.internal.reflect.NativeMethodAccessorImpl.invoke(NativeMethodAccessorImpl.java:78)
	at java.base/jdk.internal.reflect.DelegatingMethodAccessorImpl.invoke(DelegatingMethodAccessorImpl.java:43)
	at java.base/java.lang.reflect.Method.invoke(Method.java:567)
	at org.junit.platform.commons.util.ReflectionUtils.invokeMethod(ReflectionUtils.java:688)
	at org.junit.jupiter.engine.execution.MethodInvocation.proceed(MethodInvocation.java:60)
	at org.junit.jupiter.engine.execution.InvocationInterceptorChain$ValidatingInvocation.proceed(InvocationInterceptorChain.java:131)
	at org.junit.jupiter.engine.extension.TimeoutExtension.intercept(TimeoutExtension.java:149)
	at org.junit.jupiter.engine.extension.TimeoutExtension.interceptTestableMethod(TimeoutExtension.java:140)
	at org.junit.jupiter.engine.extension.TimeoutExtension.interceptTestMethod(TimeoutExtension.java:84)
	at org.junit.jupiter.engine.execution.ExecutableInvoker$ReflectiveInterceptorCall.lambda$ofVoidMethod$0(ExecutableInvoker.java:115)
	at org.junit.jupiter.engine.execution.ExecutableInvoker.lambda$invoke$0(ExecutableInvoker.java:105)
	at org.junit.jupiter.engine.execution.InvocationInterceptorChain$InterceptedInvocation.proceed(InvocationInterceptorChain.java:106)
	at org.junit.jupiter.engine.execution.InvocationInterceptorChain.proceed(InvocationInterceptorChain.java:64)
	at org.junit.jupiter.engine.execution.InvocationInterceptorChain.chainAndInvoke(InvocationInterceptorChain.java:45)
	at org.junit.jupiter.engine.execution.InvocationInterceptorChain.invoke(InvocationInterceptorChain.java:37)
	at org.junit.jupiter.engine.execution.ExecutableInvoker.invoke(ExecutableInvoker.java:104)
	at org.junit.jupiter.engine.execution.ExecutableInvoker.invoke(ExecutableInvoker.java:98)
	at org.junit.jupiter.engine.descriptor.TestMethodTestDescriptor.lambda$invokeTestMethod$6(TestMethodTestDescriptor.java:210)
	at org.junit.platform.engine.support.hierarchical.ThrowableCollector.execute(ThrowableCollector.java:73)
	at org.junit.jupiter.engine.descriptor.TestMethodTestDescriptor.invokeTestMethod(TestMethodTestDescriptor.java:206)
	at org.junit.jupiter.engine.descriptor.TestMethodTestDescriptor.execute(TestMethodTestDescriptor.java:131)
	at org.junit.jupiter.engine.descriptor.TestMethodTestDescriptor.execute(TestMethodTestDescriptor.java:65)
	at org.junit.platform.engine.support.hierarchical.NodeTestTask.lambda$executeRecursively$5(NodeTestTask.java:139)
	at org.junit.platform.engine.support.hierarchical.ThrowableCollector.execute(ThrowableCollector.java:73)
	at org.junit.platform.engine.support.hierarchical.NodeTestTask.lambda$executeRecursively$7(NodeTestTask.java:129)
	at org.junit.platform.engine.support.hierarchical.Node.around(Node.java:137)
	at org.junit.platform.engine.support.hierarchical.NodeTestTask.lambda$executeRecursively$8(NodeTestTask.java:127)
	at org.junit.platform.engine.support.hierarchical.ThrowableCollector.execute(ThrowableCollector.java:73)
	at org.junit.platform.engine.support.hierarchical.NodeTestTask.executeRecursively(NodeTestTask.java:126)
	at org.junit.platform.engine.support.hierarchical.NodeTestTask.execute(NodeTestTask.java:84)
	at java.base/java.util.ArrayList.forEach(ArrayList.java:1511)
	at org.junit.platform.engine.support.hierarchical.SameThreadHierarchicalTestExecutorService.invokeAll(SameThreadHierarchicalTestExecutorService.java:38)
	at org.junit.platform.engine.support.hierarchical.NodeTestTask.lambda$executeRecursively$5(NodeTestTask.java:143)
	at org.junit.platform.engine.support.hierarchical.ThrowableCollector.execute(ThrowableCollector.java:73)
	at org.junit.platform.engine.support.hierarchical.NodeTestTask.lambda$executeRecursively$7(NodeTestTask.java:129)
	at org.junit.platform.engine.support.hierarchical.Node.around(Node.java:137)
	at org.junit.platform.engine.support.hierarchical.NodeTestTask.lambda$executeRecursively$8(NodeTestTask.java:127)
	at org.junit.platform.engine.support.hierarchical.ThrowableCollector.execute(ThrowableCollector.java:73)
	at org.junit.platform.engine.support.hierarchical.NodeTestTask.executeRecursively(NodeTestTask.java:126)
	at org.junit.platform.engine.support.hierarchical.NodeTestTask.execute(NodeTestTask.java:84)
	at java.base/java.util.ArrayList.forEach(ArrayList.java:1511)
	at org.junit.platform.engine.support.hierarchical.SameThreadHierarchicalTestExecutorService.invokeAll(SameThreadHierarchicalTestExecutorService.java:38)
	at org.junit.platform.engine.support.hierarchical.NodeTestTask.lambda$executeRecursively$5(NodeTestTask.java:143)
	at org.junit.platform.engine.support.hierarchical.ThrowableCollector.execute(ThrowableCollector.java:73)
	at org.junit.platform.engine.support.hierarchical.NodeTestTask.lambda$executeRecursively$7(NodeTestTask.java:129)
	at org.junit.platform.engine.support.hierarchical.Node.around(Node.java:137)
	at org.junit.platform.engine.support.hierarchical.NodeTestTask.lambda$executeRecursively$8(NodeTestTask.java:127)
	at org.junit.platform.engine.support.hierarchical.ThrowableCollector.execute(ThrowableCollector.java:73)
	at org.junit.platform.engine.support.hierarchical.NodeTestTask.executeRecursively(NodeTestTask.java:126)
	at org.junit.platform.engine.support.hierarchical.NodeTestTask.execute(NodeTestTask.java:84)
	at org.junit.platform.engine.support.hierarchical.SameThreadHierarchicalTestExecutorService.submit(SameThreadHierarchicalTestExecutorService.java:32)
	at org.junit.platform.engine.support.hierarchical.HierarchicalTestExecutor.execute(HierarchicalTestExecutor.java:57)
	at org.junit.platform.engine.support.hierarchical.HierarchicalTestEngine.execute(HierarchicalTestEngine.java:51)
	at org.junit.platform.launcher.core.EngineExecutionOrchestrator.execute(EngineExecutionOrchestrator.java:108)
	at org.junit.platform.launcher.core.EngineExecutionOrchestrator.execute(EngineExecutionOrchestrator.java:88)
	at org.junit.platform.launcher.core.EngineExecutionOrchestrator.lambda$execute$0(EngineExecutionOrchestrator.java:54)
	at org.junit.platform.launcher.core.EngineExecutionOrchestrator.withInterceptedStreams(EngineExecutionOrchestrator.java:67)
	at org.junit.platform.launcher.core.EngineExecutionOrchestrator.execute(EngineExecutionOrchestrator.java:52)
	at org.junit.platform.launcher.core.DefaultLauncher.execute(DefaultLauncher.java:96)
	at org.junit.platform.launcher.core.DefaultLauncher.execute(DefaultLauncher.java:75)
	at org.gradle.api.internal.tasks.testing.junitplatform.JUnitPlatformTestClassProcessor$CollectAllTestClassesExecutor.processAllTestClasses(JUnitPlatformTestClassProcessor.java:99)
	at org.gradle.api.internal.tasks.testing.junitplatform.JUnitPlatformTestClassProcessor$CollectAllTestClassesExecutor.access$000(JUnitPlatformTestClassProcessor.java:79)
	at org.gradle.api.internal.tasks.testing.junitplatform.JUnitPlatformTestClassProcessor.stop(JUnitPlatformTestClassProcessor.java:75)
	at org.gradle.api.internal.tasks.testing.SuiteTestClassProcessor.stop(SuiteTestClassProcessor.java:61)
	at java.base/jdk.internal.reflect.NativeMethodAccessorImpl.invoke0(Native Method)
	at java.base/jdk.internal.reflect.NativeMethodAccessorImpl.invoke(NativeMethodAccessorImpl.java:78)
	at java.base/jdk.internal.reflect.DelegatingMethodAccessorImpl.invoke(DelegatingMethodAccessorImpl.java:43)
	at java.base/java.lang.reflect.Method.invoke(Method.java:567)
	at org.gradle.internal.dispatch.ReflectionDispatch.dispatch(ReflectionDispatch.java:36)
	at org.gradle.internal.dispatch.ReflectionDispatch.dispatch(ReflectionDispatch.java:24)
	at org.gradle.internal.dispatch.ContextClassLoaderDispatch.dispatch(ContextClassLoaderDispatch.java:33)
	at org.gradle.internal.dispatch.ProxyDispatchAdapter$DispatchingInvocationHandler.invoke(ProxyDispatchAdapter.java:94)
	at jdk.proxy1/jdk.proxy1.$Proxy2.stop(Unknown Source)
	at org.gradle.api.internal.tasks.testing.worker.TestWorker.stop(TestWorker.java:135)
	at java.base/jdk.internal.reflect.NativeMethodAccessorImpl.invoke0(Native Method)
	at java.base/jdk.internal.reflect.NativeMethodAccessorImpl.invoke(NativeMethodAccessorImpl.java:78)
	at java.base/jdk.internal.reflect.DelegatingMethodAccessorImpl.invoke(DelegatingMethodAccessorImpl.java:43)
	at java.base/java.lang.reflect.Method.invoke(Method.java:567)
	at org.gradle.internal.dispatch.ReflectionDispatch.dispatch(ReflectionDispatch.java:36)
	at org.gradle.internal.dispatch.ReflectionDispatch.dispatch(ReflectionDispatch.java:24)
	at org.gradle.internal.remote.internal.hub.MessageHubBackedObjectConnection$DispatchWrapper.dispatch(MessageHubBackedObjectConnection.java:182)
	at org.gradle.internal.remote.internal.hub.MessageHubBackedObjectConnection$DispatchWrapper.dispatch(MessageHubBackedObjectConnection.java:164)
	at org.gradle.internal.remote.internal.hub.MessageHub$Handler.run(MessageHub.java:414)
	at org.gradle.internal.concurrent.ExecutorPolicy$CatchAndRecordFailures.onExecute(ExecutorPolicy.java:64)
	at org.gradle.internal.concurrent.ManagedExecutorImpl$1.run(ManagedExecutorImpl.java:48)
	at java.base/java.util.concurrent.ThreadPoolExecutor.runWorker(ThreadPoolExecutor.java:1130)
	at java.base/java.util.concurrent.ThreadPoolExecutor$Worker.run(ThreadPoolExecutor.java:630)
	at org.gradle.internal.concurrent.ThreadFactoryImpl$ManagedThreadRunnable.run(ThreadFactoryImpl.java:56)
	at java.base/java.lang.Thread.run(Thread.java:831)
</failure>
  </testcase>
  <testcase name="should throw IllegalArgumentException for grade 2147483647" classname="de.htwberlin.GradesOverviewTest" time="0.003"/>
  <testcase name="should throw IllegalArgumentException for grade -1" classname="de.htwberlin.GradesOverviewTest" time="0.001"/>
  <testcase name="should throw IllegalArgumentException for grade 0" classname="de.htwberlin.GradesOverviewTest" time="0.001"/>
  <testcase name="should throw IllegalArgumentException for grade 6" classname="de.htwberlin.GradesOverviewTest" time="0.001"/>
  <testcase name="should throw IllegalArgumentException for grade 2147483647" classname="de.htwberlin.GradesOverviewTest" time="0.001"/>
  <system-out><![CDATA[1
1.0
You have entered the following grades: [1]
Grade '1': 1
Grade '2': 0
Grade '3': 0
Grade '4': 0
Grade '5': 0
The total number of grades are 1
The average is 1.0
1
1
1.0
You have entered the following grades: [1, 1]
Grade '1': 2
Grade '2': 0
Grade '3': 0
Grade '4': 0
Grade '5': 0
The total number of grades are 2
The average is 1.0
1
1
5
2.33
You have entered the following grades: [1, 1, 5]
Grade '1': 2
Grade '2': 0
Grade '3': 0
Grade '4': 0
Grade '5': 1
The total number of grades are 3
The average is 2.33
1
1
5
3
2.5
You have entered the following grades: [1, 1, 5, 3]
Grade '1': 2
Grade '2': 0
Grade '3': 1
Grade '4': 0
Grade '5': 1
The total number of grades are 4
The average is 2.5
1
1
5
3
3
2.6
You have entered the following grades: [1, 1, 5, 3, 3]
Grade '1': 2
Grade '2': 0
Grade '3': 2
Grade '4': 0
Grade '5': 1
The total number of grades are 5
The average is 2.6
1
1
5
3
3
3
2.67
You have entered the following grades: [1, 1, 5, 3, 3, 3]
Grade '1': 2
Grade '2': 0
Grade '3': 3
Grade '4': 0
Grade '5': 1
The total number of grades are 6
The average is 2.67
1
1
5
3
3
3
2
2.57
You have entered the following grades: [1, 1, 5, 3, 3, 3, 2]
Grade '1': 2
Grade '2': 1
Grade '3': 3
Grade '4': 0
Grade '5': 1
The total number of grades are 7
The average is 2.57
You have entered the following grades: [1, 1, 5, 3, 3, 3, 2]
Grade '1': 2
Grade '2': 1
Grade '3': 3
Grade '4': 0
Grade '5': 1
The total number of grades are 7
The average is 2.57
3
3.0
You have entered the following grades: [3]
Grade '1': 0
Grade '2': 0
Grade '3': 1
Grade '4': 0
Grade '5': 0
The total number of grades are 1
The average is 3.0
3
1
2.0
You have entered the following grades: [3, 1]
Grade '1': 1
Grade '2': 0
Grade '3': 1
Grade '4': 0
Grade '5': 0
The total number of grades are 2
The average is 2.0
3
1
2
2.0
You have entered the following grades: [3, 1, 2]
Grade '1': 1
Grade '2': 1
Grade '3': 1
Grade '4': 0
Grade '5': 0
The total number of grades are 3
The average is 2.0
3
1
2
5
2.75
You have entered the following grades: [3, 1, 2, 5]
Grade '1': 1
Grade '2': 1
Grade '3': 1
Grade '4': 0
Grade '5': 1
The total number of grades are 4
The average is 2.75
1
1.0
You have entered the following grades: [1]
Grade '1': 1
Grade '2': 0
Grade '3': 0
Grade '4': 0
Grade '5': 0
The total number of grades are 1
The average is 1.0
1
1
1.0
You have entered the following grades: [1, 1]
Grade '1': 2
Grade '2': 0
Grade '3': 0
Grade '4': 0
Grade '5': 0
The total number of grades are 2
The average is 1.0
1
1
1
1.0
You have entered the following grades: [1, 1, 1]
Grade '1': 3
Grade '2': 0
Grade '3': 0
Grade '4': 0
Grade '5': 0
The total number of grades are 3
The average is 1.0
1
1
1
1
1.0
You have entered the following grades: [1, 1, 1, 1]
Grade '1': 4
Grade '2': 0
Grade '3': 0
Grade '4': 0
Grade '5': 0
The total number of grades are 4
The average is 1.0
1
1
1
1
1
1.0
You have entered the following grades: [1, 1, 1, 1, 1]
Grade '1': 5
Grade '2': 0
Grade '3': 0
Grade '4': 0
Grade '5': 0
The total number of grades are 5
The average is 1.0
1.0
2
2.0
You have entered the following grades: [2]
Grade '1': 0
Grade '2': 1
Grade '3': 0
Grade '4': 0
Grade '5': 0
The total number of grades are 1
The average is 2.0
2.0
0.0
1
1.0
You have entered the following grades: [1]
Grade '1': 1
Grade '2': 0
Grade '3': 0
Grade '4': 0
Grade '5': 0
The total number of grades are 1
The average is 1.0
1
2
1.5
You have entered the following grades: [1, 2]
Grade '1': 1
Grade '2': 1
Grade '3': 0
Grade '4': 0
Grade '5': 0
The total number of grades are 2
The average is 1.5
1
2
3
2.0
You have entered the following grades: [1, 2, 3]
Grade '1': 1
Grade '2': 1
Grade '3': 1
Grade '4': 0
Grade '5': 0
The total number of grades are 3
The average is 2.0
1
2
3
4
2.5
You have entered the following grades: [1, 2, 3, 4]
Grade '1': 1
Grade '2': 1
Grade '3': 1
Grade '4': 1
Grade '5': 0
The total number of grades are 4
The average is 2.5
1
2
3
4
5
3.0
You have entered the following grades: [1, 2, 3, 4, 5]
Grade '1': 1
Grade '2': 1
Grade '3': 1
Grade '4': 1
Grade '5': 1
The total number of grades are 5
The average is 3.0
3.0
1
1.0
You have entered the following grades: [1]
Grade '1': 1
Grade '2': 0
Grade '3': 0
Grade '4': 0
Grade '5': 0
The total number of grades are 1
The average is 1.0
1
1
1.0
You have entered the following grades: [1, 1]
Grade '1': 2
Grade '2': 0
Grade '3': 0
Grade '4': 0
Grade '5': 0
The total number of grades are 2
The average is 1.0
1
1
1
1.0
You have entered the following grades: [1, 1, 1]
Grade '1': 3
Grade '2': 0
Grade '3': 0
Grade '4': 0
Grade '5': 0
The total number of grades are 3
The average is 1.0
1
1
1
5
2.0
You have entered the following grades: [1, 1, 1, 5]
Grade '1': 3
Grade '2': 0
Grade '3': 0
Grade '4': 0
Grade '5': 1
The total number of grades are 4
The average is 2.0
1
1
1
5
5
2.6
You have entered the following grades: [1, 1, 1, 5, 5]
Grade '1': 3
Grade '2': 0
Grade '3': 0
Grade '4': 0
Grade '5': 2
The total number of grades are 5
The average is 2.6
2.6
1
1.0
You have entered the following grades: [1]
Grade '1': 1
Grade '2': 0
Grade '3': 0
Grade '4': 0
Grade '5': 0
The total number of grades are 1
The average is 1.0
1
1
1.0
You have entered the following grades: [1, 1]
Grade '1': 2
Grade '2': 0
Grade '3': 0
Grade '4': 0
Grade '5': 0
The total number of grades are 2
The average is 1.0
1
1
5
2.33
You have entered the following grades: [1, 1, 5]
Grade '1': 2
Grade '2': 0
Grade '3': 0
Grade '4': 0
Grade '5': 1
The total number of grades are 3
The average is 2.33
1
1
5
3
2.5
You have entered the following grades: [1, 1, 5, 3]
Grade '1': 2
Grade '2': 0
Grade '3': 1
Grade '4': 0
Grade '5': 1
The total number of grades are 4
The average is 2.5
1
1
5
3
3
2.6
You have entered the following grades: [1, 1, 5, 3, 3]
Grade '1': 2
Grade '2': 0
Grade '3': 2
Grade '4': 0
Grade '5': 1
The total number of grades are 5
The average is 2.6
1
1
5
3
3
3
2.67
You have entered the following grades: [1, 1, 5, 3, 3, 3]
Grade '1': 2
Grade '2': 0
Grade '3': 3
Grade '4': 0
Grade '5': 1
The total number of grades are 6
The average is 2.67
1
1
5
3
3
3
2
2.57
You have entered the following grades: [1, 1, 5, 3, 3, 3, 2]
Grade '1': 2
Grade '2': 1
Grade '3': 3
Grade '4': 0
Grade '5': 1
The total number of grades are 7
The average is 2.57
2.57
4
4.0
You have entered the following grades: [4]
Grade '1': 0
Grade '2': 0
Grade '3': 0
Grade '4': 1
Grade '5': 0
The total number of grades are 1
The average is 4.0
4
4
4.0
You have entered the following grades: [4, 4]
Grade '1': 0
Grade '2': 0
Grade '3': 0
Grade '4': 2
Grade '5': 0
The total number of grades are 2
The average is 4.0
4
4
2
3.33
You have entered the following grades: [4, 4, 2]
Grade '1': 0
Grade '2': 1
Grade '3': 0
Grade '4': 2
Grade '5': 0
The total number of grades are 3
The average is 3.33
4
4
2
4
3.5
You have entered the following grades: [4, 4, 2, 4]
Grade '1': 0
Grade '2': 1
Grade '3': 0
Grade '4': 3
Grade '5': 0
The total number of grades are 4
The average is 3.5
4
4
2
4
3
3.4
You have entered the following grades: [4, 4, 2, 4, 3]
Grade '1': 0
Grade '2': 1
Grade '3': 1
Grade '4': 3
Grade '5': 0
The total number of grades are 5
The average is 3.4
4
4
2
4
3
3
3.33
You have entered the following grades: [4, 4, 2, 4, 3, 3]
Grade '1': 0
Grade '2': 1
Grade '3': 2
Grade '4': 3
Grade '5': 0
The total number of grades are 6
The average is 3.33
4
4
2
4
3
3
2
3.14
You have entered the following grades: [4, 4, 2, 4, 3, 3, 2]
Grade '1': 0
Grade '2': 2
Grade '3': 2
Grade '4': 3
Grade '5': 0
The total number of grades are 7
The average is 3.14
4
4
2
4
3
3
2
2
3.0
You have entered the following grades: [4, 4, 2, 4, 3, 3, 2, 2]
Grade '1': 0
Grade '2': 3
Grade '3': 2
Grade '4': 3
Grade '5': 0
The total number of grades are 8
The average is 3.0
4
4
2
4
3
3
2
2
5
3.22
You have entered the following grades: [4, 4, 2, 4, 3, 3, 2, 2, 5]
Grade '1': 0
Grade '2': 3
Grade '3': 2
Grade '4': 3
Grade '5': 1
The total number of grades are 9
The average is 3.22
4
4
2
4
3
3
2
2
5
3
3.2
You have entered the following grades: [4, 4, 2, 4, 3, 3, 2, 2, 5, 3]
Grade '1': 0
Grade '2': 3
Grade '3': 3
Grade '4': 3
Grade '5': 1
The total number of grades are 10
The average is 3.2
Die max Anzahl Noten wurde Ã¼berschritten
3.2
You have entered the following grades: [4, 4, 2, 4, 3, 3, 2, 2, 5, 3]
Grade '1': 0
Grade '2': 3
Grade '3': 3
Grade '4': 3
Grade '5': 1
The total number of grades are 10
The average is 3.2
Die max Anzahl Noten wurde Ã¼berschritten
3.2
You have entered the following grades: [4, 4, 2, 4, 3, 3, 2, 2, 5, 3]
Grade '1': 0
Grade '2': 3
Grade '3': 3
Grade '4': 3
Grade '5': 1
The total number of grades are 10
The average is 3.2
Die max Anzahl Noten wurde Ã¼berschritten
3.2
You have entered the following grades: [4, 4, 2, 4, 3, 3, 2, 2, 5, 3]
Grade '1': 0
Grade '2': 3
Grade '3': 3
Grade '4': 3
Grade '5': 1
The total number of grades are 10
The average is 3.2
Die max Anzahl Noten wurde Ã¼berschritten
3.2
You have entered the following grades: [4, 4, 2, 4, 3, 3, 2, 2, 5, 3]
Grade '1': 0
Grade '2': 3
Grade '3': 3
Grade '4': 3
Grade '5': 1
The total number of grades are 10
The average is 3.2
Die max Anzahl Noten wurde Ã¼berschritten
3.2
You have entered the following grades: [4, 4, 2, 4, 3, 3, 2, 2, 5, 3]
Grade '1': 0
Grade '2': 3
Grade '3': 3
Grade '4': 3
Grade '5': 1
The total number of grades are 10
The average is 3.2
Die max Anzahl Noten wurde Ã¼berschritten
3.2
You have entered the following grades: [4, 4, 2, 4, 3, 3, 2, 2, 5, 3]
Grade '1': 0
Grade '2': 3
Grade '3': 3
Grade '4': 3
Grade '5': 1
The total number of grades are 10
The average is 3.2
Die max Anzahl Noten wurde Ã¼berschritten
3.2
You have entered the following grades: [4, 4, 2, 4, 3, 3, 2, 2, 5, 3]
Grade '1': 0
Grade '2': 3
Grade '3': 3
Grade '4': 3
Grade '5': 1
The total number of grades are 10
The average is 3.2
Die max Anzahl Noten wurde Ã¼berschritten
3.2
You have entered the following grades: [4, 4, 2, 4, 3, 3, 2, 2, 5, 3]
Grade '1': 0
Grade '2': 3
Grade '3': 3
Grade '4': 3
Grade '5': 1
The total number of grades are 10
The average is 3.2
Die max Anzahl Noten wurde Ã¼berschritten
3.2
You have entered the following grades: [4, 4, 2, 4, 3, 3, 2, 2, 5, 3]
Grade '1': 0
Grade '2': 3
Grade '3': 3
Grade '4': 3
Grade '5': 1
The total number of grades are 10
The average is 3.2
Die max Anzahl Noten wurde Ã¼berschritten
3.2
You have entered the following grades: [4, 4, 2, 4, 3, 3, 2, 2, 5, 3]
Grade '1': 0
Grade '2': 3
Grade '3': 3
Grade '4': 3
Grade '5': 1
The total number of grades are 10
The average is 3.2
Die max Anzahl Noten wurde Ã¼berschritten
3.2
You have entered the following grades: [4, 4, 2, 4, 3, 3, 2, 2, 5, 3]
Grade '1': 0
Grade '2': 3
Grade '3': 3
Grade '4': 3
Grade '5': 1
The total number of grades are 10
The average is 3.2
Die max Anzahl Noten wurde Ã¼berschritten
3.2
You have entered the following grades: [4, 4, 2, 4, 3, 3, 2, 2, 5, 3]
Grade '1': 0
Grade '2': 3
Grade '3': 3
Grade '4': 3
Grade '5': 1
The total number of grades are 10
The average is 3.2
Die max Anzahl Noten wurde Ã¼berschritten
3.2
You have entered the following grades: [4, 4, 2, 4, 3, 3, 2, 2, 5, 3]
Grade '1': 0
Grade '2': 3
Grade '3': 3
Grade '4': 3
Grade '5': 1
The total number of grades are 10
The average is 3.2
Die max Anzahl Noten wurde Ã¼berschritten
3.2
You have entered the following grades: [4, 4, 2, 4, 3, 3, 2, 2, 5, 3]
Grade '1': 0
Grade '2': 3
Grade '3': 3
Grade '4': 3
Grade '5': 1
The total number of grades are 10
The average is 3.2
Die max Anzahl Noten wurde Ã¼berschritten
3.2
You have entered the following grades: [4, 4, 2, 4, 3, 3, 2, 2, 5, 3]
Grade '1': 0
Grade '2': 3
Grade '3': 3
Grade '4': 3
Grade '5': 1
The total number of grades are 10
The average is 3.2
]]></system-out>
  <system-err><![CDATA[]]></system-err>
</testsuite>
