<?xml version="1.0" encoding="UTF-8"?>
<testsuite name="de.htwberlin.GradesOverviewTest" tests="15" skipped="0" failures="0" errors="0" timestamp="2021-05-08T19:20:54" hostname="LAPTOP-I3JIGTOI" time="0.379">
  <properties/>
  <testcase name="should create a full overview of all entered grades" classname="de.htwberlin.GradesOverviewTest" time="0.107"/>
  <testcase name="should be saved according to the input sequence" classname="de.htwberlin.GradesOverviewTest" time="0.006"/>
  <testcase name="size of grades should be 10 after initialization" classname="de.htwberlin.GradesOverviewTest" time="0.002"/>
  <testcase name="The average should be 1" classname="de.htwberlin.GradesOverviewTest" time="0.057"/>
  <testcase name="The average should be 2" classname="de.htwberlin.GradesOverviewTest" time="0.004"/>
  <testcase name="The average should be 0" classname="de.htwberlin.GradesOverviewTest" time="0.002"/>
  <testcase name="The average should be 3" classname="de.htwberlin.GradesOverviewTest" time="0.003"/>
  <testcase name="The average should be 2.6" classname="de.htwberlin.GradesOverviewTest" time="0.006"/>
  <testcase name="The average should be 2.57" classname="de.htwberlin.GradesOverviewTest" time="0.008"/>
  <testcase name="should be possible to add more than 10 grades" classname="de.htwberlin.GradesOverviewTest" time="0.041"/>
  <testcase name="should throw IllegalArgumentException for grade 2147483647" classname="de.htwberlin.GradesOverviewTest" time="0.006"/>
  <testcase name="should throw IllegalArgumentException for grade -1" classname="de.htwberlin.GradesOverviewTest" time="0.002"/>
  <testcase name="should throw IllegalArgumentException for grade 0" classname="de.htwberlin.GradesOverviewTest" time="0.002"/>
  <testcase name="should throw IllegalArgumentException for grade 6" classname="de.htwberlin.GradesOverviewTest" time="0.001"/>
  <testcase name="should throw IllegalArgumentException for grade 2147483647" classname="de.htwberlin.GradesOverviewTest" time="0.003"/>
  <system-out><![CDATA[1
1
5
3
3
3
2
3
1
2
5
1
1
1
1
1
2
1
2
3
4
5
1
1
1
5
5
1
1
5
3
3
3
2
2
2
1
2
2
2
5
2
2
2
2
1
2
2
2
5
2
2
1
0
1
2
2
1
2
2
2
5
2
2
1
1
0
1
2
2
1
2
2
2
5
2
2
1
1
3
0
3
2
2
1
2
2
2
5
2
2
1
1
3
1
0
1
2
2
1
2
2
2
5
2
2
1
1
3
1
2
0
2
2
2
1
2
2
2
5
2
2
1
1
3
1
2
5
0
5
2
2
1
2
2
2
5
2
2
1
1
3
1
2
5
2
0
2
2
2
1
2
2
2
5
2
2
1
1
3
1
2
5
2
3
0
3
2
2
1
2
2
2
5
2
2
1
1
3
1
2
5
2
3
5
0
5
2
2
1
2
2
2
5
2
2
1
1
3
1
2
5
2
3
5
5
0
5
2
2
1
2
2
2
5
2
2
1
1
3
1
2
5
2
3
5
5
5
0
5
2
2
1
2
2
2
5
2
2
1
1
3
1
2
5
2
3
5
5
5
1
0
1
2
2
1
2
2
2
5
2
2
1
1
3
1
2
5
2
3
5
5
5
1
4
0
4
2
2
1
2
2
2
5
2
2
1
1
3
1
2
5
2
3
5
5
5
1
4
1
0
1
2
2
1
2
2
2
5
2
2
1
1
3
1
2
5
2
3
5
5
5
1
4
1
4
0
4
2
2
1
2
2
2
5
2
2
1
1
3
1
2
5
2
3
5
5
5
1
4
1
4
3
3
]]></system-out>
  <system-err><![CDATA[]]></system-err>
</testsuite>
